#separator \x09
#set_separator	,
#empty_field	(empty)
#unset_field	-
#path	pe
#open	2025-03-08-02-16-01
#fields	ts	id	machine	compile_ts	os	subsystem	is_exe	is_64bit	uses_aslr	uses_dep	uses_code_integrity	uses_seh	has_import_table	has_export_table	has_cert_table	has_debug_data	section_names
#types	time	string	string	time	string	string	bool	bool	bool	bool	bool	bool	bool	bool	bool	bool	vector[string]
1424252093.968395	FBr3xT2M0m37OkwVI6	I386	1279581775.000000	Windows 95 or NT 4.0	WINDOWS_CUI	T	F	F	F	F	T	T	T	F	F	.text,.data,.rdata,.bss,.edata,.idata,.rsrc,.reloc
1424252131.650538	FAevvL2lilYqg8NmFa	I386	1159372996.000000	Windows 95 or NT 4.0	WINDOWS_CUI	T	F	F	F	F	T	T	F	F	F	.text,.data,.ctors,.rdata,.bss,.idata
1424252132.227735	F5KEEA2oXGl7wyD0g3	I386	1159372996.000000	Windows 95 or NT 4.0	WINDOWS_CUI	T	F	F	F	F	T	T	F	F	F	.text,.data,.ctors,.rdata,.bss,.idata
1424252132.977714	FyelDQO8mz81jx2Pf	I386	1159372996.000000	Windows 95 or NT 4.0	WINDOWS_CUI	T	F	F	F	F	T	T	F	F	F	.text,.data,.ctors,.rdata,.bss,.idata
1424252357.319599	F7pzjK2w2TykLMMYId	I386	1159372996.000000	Windows 95 or NT 4.0	WINDOWS_CUI	T	F	F	F	F	T	T	F	F	F	.text,.data,.ctors,.rdata,.bss,.idata
1424252403.023665	F4yAyP3BKDzzbaH2g8	I386	1159372996.000000	Windows 95 or NT 4.0	WINDOWS_CUI	T	F	F	F	F	T	T	F	F	F	.text,.data,.ctors,.rdata,.bss,.idata
1424252551.404514	FhAJbm2zW7NVsU9eTh	I386	1159372996.000000	Windows 95 or NT 4.0	WINDOWS_CUI	T	F	F	F	F	T	T	F	F	F	.text,.data,.ctors,.rdata,.bss,.idata
1424252677.648909	FeE8Bw3J5FCN23AP22	I386	1279581775.000000	Windows 95 or NT 4.0	WINDOWS_CUI	T	F	F	F	F	T	T	T	F	F	.text,.data,.rdata,.bss,.edata,.idata,.rsrc,.reloc
1424252866.873470	FxgzAV2xPWg5idAy47	I386	1168906815.000000	Windows 95 or NT 4.0	WINDOWS_CUI	T	F	F	F	F	F	T	F	F	F	.text,.rsrc,.reloc
1424253128.210971	FVWK9J2WPMjTFKvQOa	I386	998081552.000000	Windows XP	WINDOWS_GUI	T	F	F	F	F	T	T	F	F	T	.text,.data,.rsrc
1424253253.080601	FhPecb4pBSBIygfiYd	I386	1279581775.000000	Windows 95 or NT 4.0	WINDOWS_CUI	T	F	F	F	F	T	T	T	F	F	.text,.data,.rdata,.bss,.edata,.idata,.rsrc,.reloc
1424253263.819210	FaV9U2O3pUWmLMpn2	I386	1279581775.000000	Windows 95 or NT 4.0	WINDOWS_CUI	T	F	F	F	F	T	T	T	F	F	.text,.data,.rdata,.bss,.edata,.idata,.rsrc,.reloc
1424253285.762105	FJnVa041vsMDTF9Xk	I386	1279581775.000000	Windows 95 or NT 4.0	WINDOWS_CUI	T	F	F	F	F	T	T	T	F	F	.text,.data,.rdata,.bss,.edata,.idata,.rsrc,.reloc
1424253479.314721	FbWmsZGnh0aYBS1L3	I386	1279581775.000000	Windows 95 or NT 4.0	WINDOWS_CUI	T	F	F	F	F	T	T	T	F	F	.text,.data,.rdata,.bss,.edata,.idata,.rsrc,.reloc
1424253489.051773	FhrcXA2XLYZ1pnEObc	I386	1279581775.000000	Windows 95 or NT 4.0	WINDOWS_CUI	T	F	F	F	F	T	T	T	F	F	.text,.data,.rdata,.bss,.edata,.idata,.rsrc,.reloc
1424253606.921847	FnGVnW3ycaMUOa0Hbf	I386	1279581775.000000	Windows 95 or NT 4.0	WINDOWS_CUI	T	F	F	F	F	T	T	T	F	F	.text,.data,.rdata,.bss,.edata,.idata,.rsrc,.reloc
#close	2025-03-08-02-16-19
