#separator \x09
#set_separator	,
#empty_field	(empty)
#unset_field	-
#path	pe
#open	2025-03-08-01-45-51
#fields	ts	id	machine	compile_ts	os	subsystem	is_exe	is_64bit	uses_aslr	uses_dep	uses_code_integrity	uses_seh	has_import_table	has_export_table	has_cert_table	has_debug_data	section_names
#types	time	string	string	time	string	string	bool	bool	bool	bool	bool	bool	bool	bool	bool	bool	vector[string]
1424223162.415279	FpsaBzQE6hCjeGBQ	I386	1159372996.000000	Windows 95 or NT 4.0	WINDOWS_CUI	T	F	F	F	F	T	T	F	F	F	.text,.data,.ctors,.rdata,.bss,.idata
1424223228.100209	FRnfm327pifotfjY4d	I386	1279581775.000000	Windows 95 or NT 4.0	WINDOWS_CUI	T	F	F	F	F	T	T	T	F	F	.text,.data,.rdata,.bss,.edata,.idata,.rsrc,.reloc
1424223375.874774	FH666k1kozNGinCiwk	I386	1233691850.000000	Windows 95 or NT 4.0	WINDOWS_CUI	T	F	T	T	F	F	T	F	F	F	.text,.reloc
1424223443.529627	FrMuAS1TgJrrinipLb	I386	1334596613.000000	Windows 2000	WINDOWS_GUI	T	F	F	F	F	F	T	F	T	F	.text
1424223464.445653	Fgb6r3d9zz7UUJHzh	I386	1279581775.000000	Windows 95 or NT 4.0	WINDOWS_CUI	T	F	F	F	F	T	T	T	F	F	.text,.data,.rdata,.bss,.edata,.idata,.rsrc,.reloc
1424223557.177498	FOIijv7tQgiPdTXzd	I386	1052988200.000000	Windows 95 or NT 4.0	WINDOWS_GUI	T	F	F	F	F	T	T	F	F	F	.text,.data,.idata,.rsrc
1424223613.254385	FhObqr4SZzHbOSstt1	I386	1279581775.000000	Windows 95 or NT 4.0	WINDOWS_CUI	T	F	F	F	F	T	T	T	F	F	.text,.data,.rdata,.bss,.edata,.idata,.rsrc,.reloc
1424223683.111457	F4Lcql4XV4hlzqccil	I386	1279581775.000000	Windows 95 or NT 4.0	WINDOWS_CUI	T	F	F	F	F	T	T	T	F	F	.text,.data,.rdata,.bss,.edata,.idata,.rsrc,.reloc
1424223718.914536	FFwct92XqgMncyWJIg	I386	1159372996.000000	Windows 95 or NT 4.0	WINDOWS_CUI	T	F	F	F	F	T	T	F	F	F	.text,.data,.ctors,.rdata,.bss,.idata
1424223719.302265	FAgYuE2JyxKgNaUt96	I386	1159372996.000000	Windows 95 or NT 4.0	WINDOWS_CUI	T	F	F	F	F	T	T	F	F	F	.text,.data,.ctors,.rdata,.bss,.idata
1424223720.023065	FQ2bi92jKQVsgObtj8	I386	1159372996.000000	Windows 95 or NT 4.0	WINDOWS_CUI	T	F	F	F	F	T	T	F	F	F	.text,.data,.ctors,.rdata,.bss,.idata
1424223941.658291	FUR0Dt1nPXyEMZa6cg	I386	1159372996.000000	Windows 95 or NT 4.0	WINDOWS_CUI	T	F	F	F	F	T	T	F	F	F	.text,.data,.ctors,.rdata,.bss,.idata
1424223988.567659	FOoxKL1UNibV7Enoq6	I386	1159372996.000000	Windows 95 or NT 4.0	WINDOWS_CUI	T	F	F	F	F	T	T	F	F	F	.text,.data,.ctors,.rdata,.bss,.idata
1424224134.221502	F0tHuW2KNinipfWmd1	I386	1159372996.000000	Windows 95 or NT 4.0	WINDOWS_CUI	T	F	F	F	F	T	T	F	F	F	.text,.data,.ctors,.rdata,.bss,.idata
1424224253.853557	FUK9rm3quTcJmlp4ai	I386	1279581775.000000	Windows 95 or NT 4.0	WINDOWS_CUI	T	F	F	F	F	T	T	T	F	F	.text,.data,.rdata,.bss,.edata,.idata,.rsrc,.reloc
1424224437.898156	FqrwfO2vqCQX9SCMfa	I386	1168906815.000000	Windows 95 or NT 4.0	WINDOWS_CUI	T	F	F	F	F	F	T	F	F	F	.text,.rsrc,.reloc
1424224697.990597	FeM1fo1agWRSvso6mb	I386	998081552.000000	Windows XP	WINDOWS_GUI	T	F	F	F	F	T	T	F	F	T	.text,.data,.rsrc
#close	2025-03-08-01-46-09
