#separator \x09
#set_separator	,
#empty_field	(empty)
#unset_field	-
#path	pe
#open	2025-03-08-02-09-20
#fields	ts	id	machine	compile_ts	os	subsystem	is_exe	is_64bit	uses_aslr	uses_dep	uses_code_integrity	uses_seh	has_import_table	has_export_table	has_cert_table	has_debug_data	section_names
#types	time	string	string	time	string	string	bool	bool	bool	bool	bool	bool	bool	bool	bool	bool	vector[string]
1424246020.774306	FatykS21KQnUFnUc3h	I386	1279581775.000000	Windows 95 or NT 4.0	WINDOWS_CUI	T	F	F	F	F	T	T	T	F	F	.text,.data,.rdata,.bss,.edata,.idata,.rsrc,.reloc
1424246031.605982	FtnowxO2fpGdThcEk	I386	1279581775.000000	Windows 95 or NT 4.0	WINDOWS_CUI	T	F	F	F	F	T	T	T	F	F	.text,.data,.rdata,.bss,.edata,.idata,.rsrc,.reloc
1424246053.749561	FrxqxL3E7bUzhe0Xgg	I386	1279581775.000000	Windows 95 or NT 4.0	WINDOWS_CUI	T	F	F	F	F	T	T	T	F	F	.text,.data,.rdata,.bss,.edata,.idata,.rsrc,.reloc
1424246245.190619	FI1vyG4aQg47qlsQui	I386	1279581775.000000	Windows 95 or NT 4.0	WINDOWS_CUI	T	F	F	F	F	T	T	T	F	F	.text,.data,.rdata,.bss,.edata,.idata,.rsrc,.reloc
1424246255.901929	FXmb8hTcxQw63x1a3	I386	1279581775.000000	Windows 95 or NT 4.0	WINDOWS_CUI	T	F	F	F	F	T	T	T	F	F	.text,.data,.rdata,.bss,.edata,.idata,.rsrc,.reloc
1424246374.829707	FFTFP12qTG6ndZ3fYh	I386	1279581775.000000	Windows 95 or NT 4.0	WINDOWS_CUI	T	F	F	F	F	T	T	T	F	F	.text,.data,.rdata,.bss,.edata,.idata,.rsrc,.reloc
1424246728.439768	FJ8qXj1ImJ0V9e0Dek	I386	998081552.000000	Windows XP	WINDOWS_GUI	T	F	F	F	F	T	T	F	F	T	.text,.data,.rsrc
1424246764.190905	FbXdCn3kmKkJ99a82d	I386	1279581775.000000	Windows 95 or NT 4.0	WINDOWS_CUI	T	F	F	F	F	T	T	T	F	F	.text,.data,.rdata,.bss,.edata,.idata,.rsrc,.reloc
1424246809.095381	FpXVTh4QtAOuLK1KBd	I386	1159372996.000000	Windows 95 or NT 4.0	WINDOWS_CUI	T	F	F	F	F	T	T	F	F	F	.text,.data,.ctors,.rdata,.bss,.idata
1424246827.104987	FCTCw72jtUaqvnc0rg	I386	1384527968.000000	Windows 95 or NT 4.0	WINDOWS_GUI	T	F	T	T	F	F	T	F	F	T	.text,.rsrc,.reloc
1424246865.422796	FNzcmqFwtVZCNuU3g	I386	1279581775.000000	Windows 95 or NT 4.0	WINDOWS_CUI	T	F	F	F	F	T	T	T	F	F	.text,.data,.rdata,.bss,.edata,.idata,.rsrc,.reloc
1424246972.116493	FV6JA73SG5ePrCBgra	I386	1279581775.000000	Windows 95 or NT 4.0	WINDOWS_CUI	T	F	F	F	F	T	T	T	F	F	.text,.data,.rdata,.bss,.edata,.idata,.rsrc,.reloc
1424247261.001811	FNdCJ52gWTDAoOlaFk	I386	1279581775.000000	Windows 95 or NT 4.0	WINDOWS_CUI	T	F	F	F	F	T	T	T	F	F	.text,.data,.rdata,.bss,.edata,.idata,.rsrc,.reloc
1424247365.551985	FSmCAQkzKMk2m6GB9	I386	1279581775.000000	Windows 95 or NT 4.0	WINDOWS_CUI	T	F	F	F	F	T	T	T	F	F	.text,.data,.rdata,.bss,.edata,.idata,.rsrc,.reloc
#close	2025-03-08-02-09-37
