#separator \x09
#set_separator	,
#empty_field	(empty)
#unset_field	-
#path	pe
#open	2025-03-08-01-57-02
#fields	ts	id	machine	compile_ts	os	subsystem	is_exe	is_64bit	uses_aslr	uses_dep	uses_code_integrity	uses_seh	has_import_table	has_export_table	has_cert_table	has_debug_data	section_names
#types	time	string	string	time	string	string	bool	bool	bool	bool	bool	bool	bool	bool	bool	bool	vector[string]
1424234792.505812	FWdyYp2DO6dLBWRk5c	I386	1279581775.000000	Windows 95 or NT 4.0	WINDOWS_CUI	T	F	F	F	F	T	T	T	F	F	.text,.data,.rdata,.bss,.edata,.idata,.rsrc,.reloc
1424234944.815687	FX7o1X1MaQIxep92Se	I386	1334596613.000000	Windows 2000	WINDOWS_GUI	T	F	F	F	F	F	T	F	T	F	.text
1424235385.686641	FCHKK81JKsa11YEzmd	I386	1109528830.000000	Windows 95 or NT 4.0	WINDOWS_CUI	T	F	F	F	F	T	T	F	F	F	.petite,(empty)
1424235431.862979	FTDrBO2kIzhD4Ena8k	I386	1127179764.000000	Windows 95 or NT 4.0	WINDOWS_CUI	T	F	F	F	F	T	T	F	F	F	UPX0,UPX1,UPX2
1424235436.834689	F0loJNhxEPbxzDA7c	I386	1279581775.000000	Windows 95 or NT 4.0	WINDOWS_CUI	T	F	F	F	F	T	T	T	F	F	.text,.data,.rdata,.bss,.edata,.idata,.rsrc,.reloc
1424235466.294627	FUCNli1Md8JflhMDgf	I386	1279581775.000000	Windows 95 or NT 4.0	WINDOWS_CUI	T	F	F	F	F	T	T	T	F	F	.text,.data,.rdata,.bss,.edata,.idata,.rsrc,.reloc
1424235805.857067	FpHIB34SoULiz2F8r	I386	1279581775.000000	Windows 95 or NT 4.0	WINDOWS_CUI	T	F	F	F	F	T	T	T	F	F	.text,.data,.rdata,.bss,.edata,.idata,.rsrc,.reloc
1424235876.615289	FI74sNwH1OYUi1YV8	I386	1093183501.000000	Windows 95 or NT 4.0	WINDOWS_GUI	T	F	F	F	F	T	T	F	F	F	UPX0,UPX1,.rsrc
1424235882.500691	FYuF0w1abra7tOH64e	I386	1159372996.000000	Windows 95 or NT 4.0	WINDOWS_CUI	T	F	F	F	F	T	T	F	F	F	.text,.data,.ctors,.rdata,.bss,.idata
1424235963.048179	FBBZFL2y4CupxV14el	I386	1159372996.000000	Windows 95 or NT 4.0	WINDOWS_CUI	T	F	F	F	F	T	T	F	F	F	.text,.data,.ctors,.rdata,.bss,.idata
1424236216.935033	FIlWBu2u55Kbt9O9M4	I386	1279581775.000000	Windows 95 or NT 4.0	WINDOWS_CUI	T	F	F	F	F	T	T	T	F	F	.text,.data,.rdata,.bss,.edata,.idata,.rsrc,.reloc
1424236353.008197	FWzeJ52j3AzpFhiLg6	I386	1279581775.000000	Windows 95 or NT 4.0	WINDOWS_CUI	T	F	F	F	F	T	T	T	F	F	.text,.data,.rdata,.bss,.edata,.idata,.rsrc,.reloc
#close	2025-03-08-01-57-19
