#separator \x09
#set_separator	,
#empty_field	(empty)
#unset_field	-
#path	pe
#open	2025-03-07-06-46-32
#fields	ts	id	machine	compile_ts	os	subsystem	is_exe	is_64bit	uses_aslr	uses_dep	uses_code_integrity	uses_seh	has_import_table	has_export_table	has_cert_table	has_debug_data	section_names
#types	time	string	string	time	string	string	bool	bool	bool	bool	bool	bool	bool	bool	bool	bool	vector[string]
1421930659.454449	F7ac2x34vmn5JECI8j	I386	1159372996.000000	Windows 95 or NT 4.0	WINDOWS_CUI	T	F	F	F	F	T	T	F	F	F	.text,.data,.ctors,.rdata,.bss,.idata
1421930727.619162	FAkDpKWDjT5E8Rf0d	I386	1279581775.000000	Windows 95 or NT 4.0	WINDOWS_CUI	T	F	F	F	F	T	T	T	F	F	.text,.data,.rdata,.bss,.edata,.idata,.rsrc,.reloc
1421930872.407038	FLNL8j32eMAYmUXSe5	I386	1233691850.000000	Windows 95 or NT 4.0	WINDOWS_CUI	T	F	T	T	F	F	T	F	F	F	.text,.reloc
1421930942.559052	FV2Ea12FuWHJ7uRk0b	I386	1334596613.000000	Windows 2000	WINDOWS_GUI	T	F	F	F	F	F	T	F	T	F	.text
1421930965.994079	F4P8824LpKp6XGwo86	I386	1279581775.000000	Windows 95 or NT 4.0	WINDOWS_CUI	T	F	F	F	F	T	T	T	F	F	.text,.data,.rdata,.bss,.edata,.idata,.rsrc,.reloc
1421931053.284815	F19qsS2jhnRfPgzxC	I386	1052988200.000000	Windows 95 or NT 4.0	WINDOWS_GUI	T	F	F	F	F	T	T	F	F	F	.text,.data,.idata,.rsrc
1421931109.258222	FpIhHw1kZUEDlCcyAk	I386	1279581775.000000	Windows 95 or NT 4.0	WINDOWS_CUI	T	F	F	F	F	T	T	T	F	F	.text,.data,.rdata,.bss,.edata,.idata,.rsrc,.reloc
1421931176.997041	FVrkSO28BkVKVaiLd	I386	1279581775.000000	Windows 95 or NT 4.0	WINDOWS_CUI	T	F	F	F	F	T	T	T	F	F	.text,.data,.rdata,.bss,.edata,.idata,.rsrc,.reloc
1421931218.277726	FySwLg156PfqVbdXj7	I386	1159372996.000000	Windows 95 or NT 4.0	WINDOWS_CUI	T	F	F	F	F	T	T	F	F	F	.text,.data,.ctors,.rdata,.bss,.idata
1421931231.792490	FvjHdf45hGGYog22Z6	I386	1159372996.000000	Windows 95 or NT 4.0	WINDOWS_CUI	T	F	F	F	F	T	T	F	F	F	.text,.data,.ctors,.rdata,.bss,.idata
1421931232.296090	FLojK41AAbzlWIPys6	I386	1159372996.000000	Windows 95 or NT 4.0	WINDOWS_CUI	T	F	F	F	F	T	T	F	F	F	.text,.data,.ctors,.rdata,.bss,.idata
#close	2025-03-07-06-46-41
