#separator \x09
#set_separator	,
#empty_field	(empty)
#unset_field	-
#path	pe
#open	2025-03-08-02-22-53
#fields	ts	id	machine	compile_ts	os	subsystem	is_exe	is_64bit	uses_aslr	uses_dep	uses_code_integrity	uses_seh	has_import_table	has_export_table	has_cert_table	has_debug_data	section_names
#types	time	string	string	time	string	string	bool	bool	bool	bool	bool	bool	bool	bool	bool	bool	vector[string]
1424260441.780104	F9J8Ky3sRO2OlN132b	I386	1279581775.000000	Windows 95 or NT 4.0	WINDOWS_CUI	T	F	F	F	F	T	T	T	F	F	.text,.data,.rdata,.bss,.edata,.idata,.rsrc,.reloc
1424260452.703351	FuF4DC3Sp1AtnoOuBh	I386	1279581775.000000	Windows 95 or NT 4.0	WINDOWS_CUI	T	F	F	F	F	T	T	T	F	F	.text,.data,.rdata,.bss,.edata,.idata,.rsrc,.reloc
1424260473.664867	FYYDSb3tDo7Bf7hCt9	I386	1279581775.000000	Windows 95 or NT 4.0	WINDOWS_CUI	T	F	F	F	F	T	T	T	F	F	.text,.data,.rdata,.bss,.edata,.idata,.rsrc,.reloc
1424260666.716668	FNCmrp4GHni63f5SFc	I386	1279581775.000000	Windows 95 or NT 4.0	WINDOWS_CUI	T	F	F	F	F	T	T	T	F	F	.text,.data,.rdata,.bss,.edata,.idata,.rsrc,.reloc
1424260677.463085	FQahUO3BPZemtw9ALf	I386	1279581775.000000	Windows 95 or NT 4.0	WINDOWS_CUI	T	F	F	F	F	T	T	T	F	F	.text,.data,.rdata,.bss,.edata,.idata,.rsrc,.reloc
1424260798.299655	FNRDe81WCVVGqWCMIk	I386	1279581775.000000	Windows 95 or NT 4.0	WINDOWS_CUI	T	F	F	F	F	T	T	T	F	F	.text,.data,.rdata,.bss,.edata,.idata,.rsrc,.reloc
1424261156.054750	FULlRl3Trb4m5wwr0b	I386	998081552.000000	Windows XP	WINDOWS_GUI	T	F	F	F	F	T	T	F	F	T	.text,.data,.rsrc
1424261192.209978	FQPOjO2X8Qcedu5Du6	I386	1279581775.000000	Windows 95 or NT 4.0	WINDOWS_CUI	T	F	F	F	F	T	T	T	F	F	.text,.data,.rdata,.bss,.edata,.idata,.rsrc,.reloc
1424261237.160827	Fwpxiw3YdTY9QeUHz3	I386	1159372996.000000	Windows 95 or NT 4.0	WINDOWS_CUI	T	F	F	F	F	T	T	F	F	F	.text,.data,.ctors,.rdata,.bss,.idata
1424261255.066174	F3zUMc4u1iCl2ZFvZf	I386	1384527968.000000	Windows 95 or NT 4.0	WINDOWS_GUI	T	F	T	T	F	F	T	F	F	T	.text,.rsrc,.reloc
1424261291.294697	Fy4uSf1lWwm9myxiEb	I386	1279581775.000000	Windows 95 or NT 4.0	WINDOWS_CUI	T	F	F	F	F	T	T	T	F	F	.text,.data,.rdata,.bss,.edata,.idata,.rsrc,.reloc
1424261403.187021	FGTco64GWWtlMs3fxa	I386	1279581775.000000	Windows 95 or NT 4.0	WINDOWS_CUI	T	F	F	F	F	T	T	T	F	F	.text,.data,.rdata,.bss,.edata,.idata,.rsrc,.reloc
1424261694.263060	Fpjf0y4cdzxis3IHH8	I386	1279581775.000000	Windows 95 or NT 4.0	WINDOWS_CUI	T	F	F	F	F	T	T	T	F	F	.text,.data,.rdata,.bss,.edata,.idata,.rsrc,.reloc
1424261799.129922	FFFLbJ2NhvdNWQ8taf	I386	1279581775.000000	Windows 95 or NT 4.0	WINDOWS_CUI	T	F	F	F	F	T	T	T	F	F	.text,.data,.rdata,.bss,.edata,.idata,.rsrc,.reloc
1424261928.621637	FpHhPh4K1zuCC3f5Ph	I386	1279581775.000000	Windows 95 or NT 4.0	WINDOWS_CUI	T	F	F	F	F	T	T	T	F	F	.text,.data,.rdata,.bss,.edata,.idata,.rsrc,.reloc
#close	2025-03-08-02-23-11
